2024-03-13 12:47:17.405 +05:30 [INF] Starting RapidPay API
2024-03-13 12:47:17.469 +05:30 [INF] Services Registered
2024-03-13 12:51:55.977 +05:30 [INF] Starting RapidPay API
2024-03-13 12:51:56.037 +05:30 [INF] Services Registered
2024-03-13 12:51:56.242 +05:30 [INF] User profile is available. Using '/Users/ayushrajkeshri/.aspnet/DataProtection-Keys' as key repository; keys will not be encrypted at rest.
2024-03-13 12:51:56.525 +05:30 [INF] Now listening on: https://localhost:7044
2024-03-13 12:51:56.525 +05:30 [INF] Now listening on: http://localhost:5149
2024-03-13 12:51:56.527 +05:30 [INF] Application started. Press Ctrl+C to shut down.
2024-03-13 12:51:56.527 +05:30 [INF] Hosting environment: Development
2024-03-13 12:51:56.527 +05:30 [INF] Content root path: /Users/ayushrajkeshri/Desktop/RapidPay/RapidPay
2024-03-13 12:51:57.961 +05:30 [INF] Request starting HTTP/1.1 GET https://localhost:7044/index.html - -
2024-03-13 12:51:58.103 +05:30 [INF] Request finished HTTP/1.1 GET https://localhost:7044/index.html - - - 200 - text/html;charset=utf-8 142.6234ms
2024-03-13 12:51:58.636 +05:30 [INF] Request starting HTTP/1.1 GET https://localhost:7044/swagger/v1/swagger.json - -
2024-03-13 12:51:58.684 +05:30 [INF] Request finished HTTP/1.1 GET https://localhost:7044/swagger/v1/swagger.json - - - 200 - application/json;charset=utf-8 47.5460ms
2024-03-13 12:52:06.316 +05:30 [INF] Request starting HTTP/1.1 POST https://localhost:7044/api/v1/auth/login application/json 58
2024-03-13 12:52:06.332 +05:30 [INF] Executing endpoint 'RapidPay.Controllers.AuthController.Login (RapidPay)'
2024-03-13 12:52:06.353 +05:30 [INF] Route matched with {action = "Login", controller = "Auth"}. Executing controller action with signature Microsoft.AspNetCore.Mvc.IActionResult Login(RapidPay.Models.User) on controller RapidPay.Controllers.AuthController (RapidPay).
2024-03-13 12:52:06.577 +05:30 [INF] Executed action RapidPay.Controllers.AuthController.Login (RapidPay) in 222.5821ms
2024-03-13 12:52:06.578 +05:30 [INF] Executed endpoint 'RapidPay.Controllers.AuthController.Login (RapidPay)'
2024-03-13 12:52:06.579 +05:30 [ERR] An unhandled exception has occurred while executing the request.
System.InvalidOperationException: Unable to resolve service for type 'Microsoft.Extensions.Logging.Logger`1[RapidPay.Controllers.AuthController]' while attempting to activate 'RapidPay.Controllers.AuthController'.
   at Microsoft.Extensions.DependencyInjection.ActivatorUtilities.GetService(IServiceProvider sp, Type type, Type requiredBy, Boolean isDefaultParameterRequired)
   at lambda_method3(Closure, IServiceProvider, Object[])
   at Microsoft.AspNetCore.Mvc.Controllers.ControllerFactoryProvider.<>c__DisplayClass6_0.<CreateControllerFactory>g__CreateController|0(ControllerContext controllerContext)
   at Microsoft.AspNetCore.Mvc.Infrastructure.ControllerActionInvoker.Next(State& next, Scope& scope, Object& state, Boolean& isCompleted)
   at Microsoft.AspNetCore.Mvc.Infrastructure.ControllerActionInvoker.InvokeInnerFilterAsync()
--- End of stack trace from previous location ---
   at Microsoft.AspNetCore.Mvc.Infrastructure.ResourceInvoker.<InvokeFilterPipelineAsync>g__Awaited|20_0(ResourceInvoker invoker, Task lastTask, State next, Scope scope, Object state, Boolean isCompleted)
   at Microsoft.AspNetCore.Mvc.Infrastructure.ResourceInvoker.<InvokeAsync>g__Logged|17_1(ResourceInvoker invoker)
   at Microsoft.AspNetCore.Mvc.Infrastructure.ResourceInvoker.<InvokeAsync>g__Logged|17_1(ResourceInvoker invoker)
   at Microsoft.AspNetCore.Routing.EndpointMiddleware.<Invoke>g__AwaitRequestTask|6_0(Endpoint endpoint, Task requestTask, ILogger logger)
   at Swashbuckle.AspNetCore.SwaggerUI.SwaggerUIMiddleware.Invoke(HttpContext httpContext)
   at Swashbuckle.AspNetCore.Swagger.SwaggerMiddleware.Invoke(HttpContext httpContext, ISwaggerProvider swaggerProvider)
   at Microsoft.AspNetCore.Authorization.AuthorizationMiddleware.Invoke(HttpContext context)
   at Microsoft.AspNetCore.Authentication.AuthenticationMiddleware.Invoke(HttpContext context)
   at Microsoft.AspNetCore.Diagnostics.DeveloperExceptionPageMiddlewareImpl.Invoke(HttpContext context)
2024-03-13 12:52:06.596 +05:30 [INF] Request finished HTTP/1.1 POST https://localhost:7044/api/v1/auth/login application/json 58 - 500 - text/plain;+charset=utf-8 280.5586ms
2024-03-13 12:55:51.916 +05:30 [INF] Starting RapidPay API
2024-03-13 12:55:51.974 +05:30 [INF] Services Registered
2024-03-13 12:55:52.218 +05:30 [INF] User profile is available. Using '/Users/ayushrajkeshri/.aspnet/DataProtection-Keys' as key repository; keys will not be encrypted at rest.
2024-03-13 12:55:52.494 +05:30 [INF] Now listening on: https://localhost:7044
2024-03-13 12:55:52.519 +05:30 [INF] Now listening on: http://localhost:5149
2024-03-13 12:55:52.525 +05:30 [INF] Application started. Press Ctrl+C to shut down.
2024-03-13 12:55:52.526 +05:30 [INF] Hosting environment: Development
2024-03-13 12:55:52.526 +05:30 [INF] Content root path: /Users/ayushrajkeshri/Desktop/RapidPay/RapidPay
2024-03-13 12:55:54.228 +05:30 [INF] Request starting HTTP/1.1 GET https://localhost:7044/index.html - -
2024-03-13 12:55:54.364 +05:30 [INF] Request finished HTTP/1.1 GET https://localhost:7044/index.html - - - 200 - text/html;charset=utf-8 136.9422ms
2024-03-13 12:55:54.643 +05:30 [INF] Request starting HTTP/1.1 GET https://localhost:7044/swagger/v1/swagger.json - -
2024-03-13 12:55:54.749 +05:30 [INF] Request finished HTTP/1.1 GET https://localhost:7044/swagger/v1/swagger.json - - - 200 - application/json;charset=utf-8 106.7660ms
2024-03-13 12:56:10.222 +05:30 [INF] Request starting HTTP/1.1 POST https://localhost:7044/api/v1/auth/login application/json 62
2024-03-13 12:56:10.229 +05:30 [INF] Executing endpoint 'RapidPay.Controllers.AuthController.Login (RapidPay)'
2024-03-13 12:56:10.245 +05:30 [INF] Route matched with {action = "Login", controller = "Auth"}. Executing controller action with signature Microsoft.AspNetCore.Mvc.IActionResult Login(RapidPay.Models.User) on controller RapidPay.Controllers.AuthController (RapidPay).
2024-03-13 12:56:36.629 +05:30 [INF] Executed action RapidPay.Controllers.AuthController.Login (RapidPay) in 26381.5071ms
2024-03-13 12:56:36.632 +05:30 [INF] Executed endpoint 'RapidPay.Controllers.AuthController.Login (RapidPay)'
2024-03-13 12:56:36.633 +05:30 [ERR] An unhandled exception has occurred while executing the request.
System.InvalidOperationException: An exception was thrown while attempting to evaluate a LINQ query parameter expression. See the inner exception for more information. To show additional information call 'DbContextOptionsBuilder.EnableSensitiveDataLogging'.
 ---> System.NullReferenceException: Object reference not set to an instance of an object.
   at System.Object.GetType()
   at System.Linq.Expressions.Interpreter.FuncCallInstruction`2.Run(InterpretedFrame frame)
   at System.Linq.Expressions.Interpreter.Interpreter.Run(InterpretedFrame frame)
   at System.Linq.Expressions.Interpreter.LightLambda.Run(Object[] arguments)
   at System.Dynamic.Utils.DelegateHelpers.FuncThunk[TReturn](Func`2 handler)
   at Microsoft.EntityFrameworkCore.Query.Internal.ParameterExtractingExpressionVisitor.GetValue(Expression expression, String& parameterName)
   --- End of inner exception stack trace ---
   at Microsoft.EntityFrameworkCore.Query.Internal.ParameterExtractingExpressionVisitor.GetValue(Expression expression, String& parameterName)
   at Microsoft.EntityFrameworkCore.Query.Internal.ParameterExtractingExpressionVisitor.Evaluate(Expression expression, Boolean generateParameter)
   at Microsoft.EntityFrameworkCore.Query.Internal.ParameterExtractingExpressionVisitor.Visit(Expression expression)
   at System.Linq.Expressions.ExpressionVisitor.VisitBinary(BinaryExpression node)
   at Microsoft.EntityFrameworkCore.Query.Internal.ParameterExtractingExpressionVisitor.VisitBinary(BinaryExpression binaryExpression)
   at Microsoft.EntityFrameworkCore.Query.Internal.ParameterExtractingExpressionVisitor.Visit(Expression expression)
   at System.Linq.Expressions.ExpressionVisitor.VisitLambda[T](Expression`1 node)
   at Microsoft.EntityFrameworkCore.Query.Internal.ParameterExtractingExpressionVisitor.Visit(Expression expression)
   at System.Linq.Expressions.ExpressionVisitor.VisitUnary(UnaryExpression node)
   at Microsoft.EntityFrameworkCore.Query.Internal.ParameterExtractingExpressionVisitor.Visit(Expression expression)
   at System.Dynamic.Utils.ExpressionVisitorUtils.VisitArguments(ExpressionVisitor visitor, IArgumentProvider nodes)
   at System.Linq.Expressions.ExpressionVisitor.VisitMethodCall(MethodCallExpression node)
   at Microsoft.EntityFrameworkCore.Query.Internal.ParameterExtractingExpressionVisitor.Visit(Expression expression)
   at Microsoft.EntityFrameworkCore.Query.Internal.ParameterExtractingExpressionVisitor.ExtractParameters(Expression expression, Boolean clearEvaluatedValues)
   at Microsoft.EntityFrameworkCore.Query.Internal.ParameterExtractingExpressionVisitor.ExtractParameters(Expression expression)
   at Microsoft.EntityFrameworkCore.Query.Internal.QueryCompiler.ExtractParameters(Expression query, IParameterValues parameterValues, IDiagnosticsLogger`1 logger, Boolean parameterize, Boolean generateContextAccessors)
   at Microsoft.EntityFrameworkCore.Query.Internal.QueryCompiler.Execute[TResult](Expression query)
   at Microsoft.EntityFrameworkCore.Query.Internal.EntityQueryProvider.Execute[TResult](Expression expression)
   at RapidPay.Controllers.AuthController.AuthenticateUser(User user) in /Users/ayushrajkeshri/Desktop/RapidPay/RapidPay/Controllers/AuthController.cs:line 29
   at RapidPay.Controllers.AuthController.Login(User user) in /Users/ayushrajkeshri/Desktop/RapidPay/RapidPay/Controllers/AuthController.cs:line 64
   at lambda_method2(Closure, Object, Object[])
   at Microsoft.AspNetCore.Mvc.Infrastructure.ActionMethodExecutor.SyncActionResultExecutor.Execute(ActionContext actionContext, IActionResultTypeMapper mapper, ObjectMethodExecutor executor, Object controller, Object[] arguments)
   at Microsoft.AspNetCore.Mvc.Infrastructure.ControllerActionInvoker.InvokeActionMethodAsync()
   at Microsoft.AspNetCore.Mvc.Infrastructure.ControllerActionInvoker.Next(State& next, Scope& scope, Object& state, Boolean& isCompleted)
   at Microsoft.AspNetCore.Mvc.Infrastructure.ControllerActionInvoker.InvokeNextActionFilterAsync()
--- End of stack trace from previous location ---
   at Microsoft.AspNetCore.Mvc.Infrastructure.ControllerActionInvoker.Rethrow(ActionExecutedContextSealed context)
   at Microsoft.AspNetCore.Mvc.Infrastructure.ControllerActionInvoker.Next(State& next, Scope& scope, Object& state, Boolean& isCompleted)
   at Microsoft.AspNetCore.Mvc.Infrastructure.ControllerActionInvoker.InvokeInnerFilterAsync()
--- End of stack trace from previous location ---
   at Microsoft.AspNetCore.Mvc.Infrastructure.ResourceInvoker.<InvokeFilterPipelineAsync>g__Awaited|20_0(ResourceInvoker invoker, Task lastTask, State next, Scope scope, Object state, Boolean isCompleted)
   at Microsoft.AspNetCore.Mvc.Infrastructure.ResourceInvoker.<InvokeAsync>g__Logged|17_1(ResourceInvoker invoker)
   at Microsoft.AspNetCore.Mvc.Infrastructure.ResourceInvoker.<InvokeAsync>g__Logged|17_1(ResourceInvoker invoker)
   at Microsoft.AspNetCore.Routing.EndpointMiddleware.<Invoke>g__AwaitRequestTask|6_0(Endpoint endpoint, Task requestTask, ILogger logger)
   at Swashbuckle.AspNetCore.SwaggerUI.SwaggerUIMiddleware.Invoke(HttpContext httpContext)
   at Swashbuckle.AspNetCore.Swagger.SwaggerMiddleware.Invoke(HttpContext httpContext, ISwaggerProvider swaggerProvider)
   at Microsoft.AspNetCore.Authorization.AuthorizationMiddleware.Invoke(HttpContext context)
   at Microsoft.AspNetCore.Authentication.AuthenticationMiddleware.Invoke(HttpContext context)
   at Microsoft.AspNetCore.Diagnostics.DeveloperExceptionPageMiddlewareImpl.Invoke(HttpContext context)
2024-03-13 12:56:36.645 +05:30 [INF] Request finished HTTP/1.1 POST https://localhost:7044/api/v1/auth/login application/json 62 - 500 - text/plain;+charset=utf-8 26423.7301ms
2024-03-13 12:57:52.281 +05:30 [INF] Request starting HTTP/1.1 GET https://localhost:7044/index.html - -
2024-03-13 12:57:52.287 +05:30 [INF] Request finished HTTP/1.1 GET https://localhost:7044/index.html - - - 200 - text/html;charset=utf-8 6.6563ms
2024-03-13 12:57:52.390 +05:30 [INF] Request starting HTTP/1.1 GET https://localhost:7044/swagger/v1/swagger.json - -
2024-03-13 12:57:52.399 +05:30 [INF] Request finished HTTP/1.1 GET https://localhost:7044/swagger/v1/swagger.json - - - 200 - application/json;charset=utf-8 8.9292ms
2024-03-13 12:58:07.515 +05:30 [INF] Request starting HTTP/1.1 POST https://localhost:7044/api/v1/auth/register application/json 84
2024-03-13 12:58:07.520 +05:30 [INF] Executing endpoint 'RapidPay.Controllers.AuthController.Register (RapidPay)'
2024-03-13 12:58:07.527 +05:30 [INF] Route matched with {action = "Register", controller = "Auth"}. Executing controller action with signature Microsoft.AspNetCore.Mvc.IActionResult Register(RapidPay.Models.User) on controller RapidPay.Controllers.AuthController (RapidPay).
2024-03-13 12:58:07.762 +05:30 [INF] Executed DbCommand (51ms) [Parameters=[@__user_Email_0='?' (Size = 255)], CommandType='"Text"', CommandTimeout='30']
SELECT EXISTS (
    SELECT 1
    FROM `Users` AS `u`
    WHERE `u`.`Email` = @__user_Email_0)
2024-03-13 12:58:07.841 +05:30 [INF] Executed DbCommand (15ms) [Parameters=[@p0='?' (Size = 255), @p1='?' (Size = 4000), @p2='?' (Size = 4000)], CommandType='"Text"', CommandTimeout='30']
INSERT INTO `Users` (`Email`, `Password`, `UserName`)
VALUES (@p0, @p1, @p2);
SELECT `ID`
FROM `Users`
WHERE ROW_COUNT() = 1 AND `ID` = LAST_INSERT_ID();
2024-03-13 12:58:07.852 +05:30 [INF] User registered successfully: user@example.com
2024-03-13 12:58:07.854 +05:30 [INF] Executing OkObjectResult, writing value of type 'System.String'.
2024-03-13 12:58:07.855 +05:30 [INF] Executed action RapidPay.Controllers.AuthController.Register (RapidPay) in 327.29ms
2024-03-13 12:58:07.855 +05:30 [INF] Executed endpoint 'RapidPay.Controllers.AuthController.Register (RapidPay)'
2024-03-13 12:58:07.856 +05:30 [INF] Request finished HTTP/1.1 POST https://localhost:7044/api/v1/auth/register application/json 84 - 200 - text/plain;+charset=utf-8 341.2557ms
2024-03-13 12:58:31.175 +05:30 [INF] Request starting HTTP/1.1 POST https://localhost:7044/api/v1/auth/login application/json 60
2024-03-13 12:58:31.179 +05:30 [INF] Executing endpoint 'RapidPay.Controllers.AuthController.Login (RapidPay)'
2024-03-13 12:58:31.180 +05:30 [INF] Route matched with {action = "Login", controller = "Auth"}. Executing controller action with signature Microsoft.AspNetCore.Mvc.IActionResult Login(RapidPay.Models.User) on controller RapidPay.Controllers.AuthController (RapidPay).
2024-03-13 12:58:31.283 +05:30 [INF] Executed DbCommand (3ms) [Parameters=[@__user_Email_0='?' (Size = 255)], CommandType='"Text"', CommandTimeout='30']
SELECT `u`.`ID`, `u`.`Email`, `u`.`Password`, `u`.`UserName`
FROM `Users` AS `u`
WHERE `u`.`Email` = @__user_Email_0
LIMIT 2
2024-03-13 12:58:31.330 +05:30 [INF] User logged in: user@example.com
2024-03-13 12:58:31.330 +05:30 [INF] Executing OkObjectResult, writing value of type '<>f__AnonymousType0`1[[System.String, System.Private.CoreLib, Version=7.0.0.0, Culture=neutral, PublicKeyToken=7cec85d7bea7798e]]'.
2024-03-13 12:58:31.332 +05:30 [INF] Executed action RapidPay.Controllers.AuthController.Login (RapidPay) in 152.2732ms
2024-03-13 12:58:31.332 +05:30 [INF] Executed endpoint 'RapidPay.Controllers.AuthController.Login (RapidPay)'
2024-03-13 12:58:31.332 +05:30 [INF] Request finished HTTP/1.1 POST https://localhost:7044/api/v1/auth/login application/json 60 - 200 - application/json;+charset=utf-8 157.6457ms
2024-03-13 12:59:44.282 +05:30 [INF] Request starting HTTP/1.1 POST https://localhost:7044/api/v1/card/create application/json 25
2024-03-13 12:59:44.339 +05:30 [INF] Executing endpoint 'RapidPayAPI.Controllers.CardController.CreateCard (RapidPay)'
2024-03-13 12:59:44.345 +05:30 [INF] Route matched with {action = "CreateCard", controller = "Card"}. Executing controller action with signature System.Threading.Tasks.Task`1[Microsoft.AspNetCore.Mvc.IActionResult] CreateCard(RapidPay.Models.Card) on controller RapidPayAPI.Controllers.CardController (RapidPay).
2024-03-13 12:59:44.388 +05:30 [INF] Executed DbCommand (6ms) [Parameters=[@p0='?' (DbType = Double), @p1='?' (Size = 15)], CommandType='"Text"', CommandTimeout='30']
INSERT INTO `Cards` (`Balance`, `CardNumber`)
VALUES (@p0, @p1);
SELECT `Id`
FROM `Cards`
WHERE ROW_COUNT() = 1 AND `Id` = LAST_INSERT_ID();
2024-03-13 12:59:44.473 +05:30 [INF] Card Creation Completed Successfully
2024-03-13 12:59:44.474 +05:30 [INF] Executing OkObjectResult, writing value of type 'RapidPay.Models.Card'.
2024-03-13 12:59:44.476 +05:30 [INF] Executed action RapidPayAPI.Controllers.CardController.CreateCard (RapidPay) in 130.786ms
2024-03-13 12:59:44.476 +05:30 [INF] Executed endpoint 'RapidPayAPI.Controllers.CardController.CreateCard (RapidPay)'
2024-03-13 12:59:44.477 +05:30 [INF] Request finished HTTP/1.1 POST https://localhost:7044/api/v1/card/create application/json 25 - 200 - application/json;+charset=utf-8 195.4935ms
2024-03-13 13:00:13.174 +05:30 [INF] Request starting HTTP/1.1 POST https://localhost:7044/api/v1/card/pay?cardNumber=019582841670117&amount=523.647 - 0
2024-03-13 13:00:13.185 +05:30 [INF] Executing endpoint 'RapidPayAPI.Controllers.CardController.Pay (RapidPay)'
2024-03-13 13:00:13.192 +05:30 [INF] Route matched with {action = "Pay", controller = "Card"}. Executing controller action with signature System.Threading.Tasks.Task`1[Microsoft.AspNetCore.Mvc.IActionResult] Pay(System.String, Double) on controller RapidPayAPI.Controllers.CardController (RapidPay).
2024-03-13 13:00:13.375 +05:30 [INF] Executed DbCommand (43ms) [Parameters=[@__cardNumber_0='?' (Size = 15)], CommandType='"Text"', CommandTimeout='30']
SELECT `c`.`Id`, `c`.`Balance`, `c`.`CardNumber`
FROM `Cards` AS `c`
WHERE `c`.`CardNumber` = @__cardNumber_0
LIMIT 1
2024-03-13 13:00:13.514 +05:30 [INF] Executed DbCommand (6ms) [Parameters=[@p1='?' (DbType = Int64), @p0='?' (DbType = Double), @p2='?' (DbType = Double), @p3='?' (Size = 4000), @p4='?' (DbType = Double), @p5='?' (DbType = DateTime)], CommandType='"Text"', CommandTimeout='30']
UPDATE `Cards` SET `Balance` = @p0
WHERE `Id` = @p1;
SELECT ROW_COUNT();

INSERT INTO `Payments` (`Amount`, `CardNumber`, `Fee`, `Timestamp`)
VALUES (@p2, @p3, @p4, @p5);
SELECT `Id`
FROM `Payments`
WHERE ROW_COUNT() = 1 AND `Id` = LAST_INSERT_ID();
2024-03-13 13:00:13.527 +05:30 [INF] Payment Completed Successfully
2024-03-13 13:00:13.527 +05:30 [INF] Executing OkObjectResult, writing value of type 'System.String'.
2024-03-13 13:00:13.527 +05:30 [INF] Executed action RapidPayAPI.Controllers.CardController.Pay (RapidPay) in 335.5392ms
2024-03-13 13:00:13.527 +05:30 [INF] Executed endpoint 'RapidPayAPI.Controllers.CardController.Pay (RapidPay)'
2024-03-13 13:00:13.528 +05:30 [INF] Request finished HTTP/1.1 POST https://localhost:7044/api/v1/card/pay?cardNumber=019582841670117&amount=523.647 - 0 - 200 - text/plain;+charset=utf-8 357.0609ms
2024-03-13 16:03:53.078 +05:30 [INF] Starting RapidPay API
2024-03-13 16:03:53.138 +05:30 [INF] Services Registered
2024-03-13 16:37:17.584 +05:30 [INF] Starting RapidPay API
2024-03-13 16:37:17.642 +05:30 [INF] Services Registered
2024-03-13 16:38:11.306 +05:30 [INF] Starting RapidPay API
2024-03-13 16:38:11.347 +05:30 [INF] Services Registered
2024-03-13 16:38:40.374 +05:30 [INF] Starting RapidPay API
2024-03-13 16:38:40.417 +05:30 [INF] Services Registered
2024-03-13 16:38:41.187 +05:30 [INF] Executed DbCommand (10ms) [Parameters=[], CommandType='"Text"', CommandTimeout='30']
CREATE DATABASE `RapidPay`;
2024-03-13 16:38:41.312 +05:30 [INF] Executed DbCommand (29ms) [Parameters=[], CommandType='"Text"', CommandTimeout='30']
CREATE TABLE `__EFMigrationsHistory` (
    `MigrationId` varchar(150) CHARACTER SET utf8mb4 NOT NULL,
    `ProductVersion` varchar(32) CHARACTER SET utf8mb4 NOT NULL,
    CONSTRAINT `PK___EFMigrationsHistory` PRIMARY KEY (`MigrationId`)
) CHARACTER SET=utf8mb4;
2024-03-13 16:38:41.339 +05:30 [INF] Executed DbCommand (10ms) [Parameters=[], CommandType='"Text"', CommandTimeout='30']
SELECT 1 FROM INFORMATION_SCHEMA.TABLES WHERE TABLE_SCHEMA='RapidPay' AND TABLE_NAME='__EFMigrationsHistory';
2024-03-13 16:38:41.342 +05:30 [INF] Executed DbCommand (2ms) [Parameters=[], CommandType='"Text"', CommandTimeout='30']
SELECT `MigrationId`, `ProductVersion`
FROM `__EFMigrationsHistory`
ORDER BY `MigrationId`;
2024-03-13 16:38:41.351 +05:30 [INF] Applying migration '20240313110811_InitialMigration'.
2024-03-13 16:38:41.373 +05:30 [INF] Executed DbCommand (1ms) [Parameters=[], CommandType='"Text"', CommandTimeout='30']
ALTER DATABASE CHARACTER SET utf8mb4;
2024-03-13 16:38:41.380 +05:30 [INF] Executed DbCommand (7ms) [Parameters=[], CommandType='"Text"', CommandTimeout='30']
CREATE TABLE `Cards` (
    `Id` bigint NOT NULL AUTO_INCREMENT,
    `CardNumber` varchar(15) CHARACTER SET utf8mb4 NOT NULL,
    `Balance` double NOT NULL,
    CONSTRAINT `PK_Cards` PRIMARY KEY (`Id`)
) CHARACTER SET=utf8mb4;
2024-03-13 16:38:41.392 +05:30 [INF] Executed DbCommand (11ms) [Parameters=[], CommandType='"Text"', CommandTimeout='30']
CREATE TABLE `Payments` (
    `Id` int NOT NULL AUTO_INCREMENT,
    `CardNumber` longtext CHARACTER SET utf8mb4 NOT NULL,
    `Amount` double NOT NULL,
    `Fee` double NOT NULL,
    `Timestamp` datetime(6) NOT NULL,
    CONSTRAINT `PK_Payments` PRIMARY KEY (`Id`)
) CHARACTER SET=utf8mb4;
2024-03-13 16:38:41.398 +05:30 [INF] Executed DbCommand (6ms) [Parameters=[], CommandType='"Text"', CommandTimeout='30']
CREATE TABLE `Users` (
    `ID` bigint NOT NULL AUTO_INCREMENT,
    `UserName` longtext CHARACTER SET utf8mb4 NOT NULL,
    `Password` longtext CHARACTER SET utf8mb4 NOT NULL,
    `Email` varchar(255) CHARACTER SET utf8mb4 NOT NULL,
    CONSTRAINT `PK_Users` PRIMARY KEY (`ID`)
) CHARACTER SET=utf8mb4;
2024-03-13 16:38:41.408 +05:30 [INF] Executed DbCommand (10ms) [Parameters=[], CommandType='"Text"', CommandTimeout='30']
CREATE UNIQUE INDEX `IX_Cards_CardNumber` ON `Cards` (`CardNumber`);
2024-03-13 16:38:41.428 +05:30 [INF] Executed DbCommand (21ms) [Parameters=[], CommandType='"Text"', CommandTimeout='30']
CREATE UNIQUE INDEX `IX_Users_Email` ON `Users` (`Email`);
2024-03-13 16:38:41.437 +05:30 [INF] Executed DbCommand (9ms) [Parameters=[], CommandType='"Text"', CommandTimeout='30']
INSERT INTO `__EFMigrationsHistory` (`MigrationId`, `ProductVersion`)
VALUES ('20240313110811_InitialMigration', '7.0.16');
2024-03-13 16:39:06.177 +05:30 [INF] Starting RapidPay API
2024-03-13 16:39:06.245 +05:30 [INF] Services Registered
